<?xml version="1.0" encoding="UTF-8"?>
<!-- Generated by org.testng.reporters.JUnitReportReporter -->
<testsuite hostname="LTIN509092" failures="0" tests="3" name="TestCases.TC3Languagelearn" time="76.595" errors="0" timestamp="2024-04-16T10:20:50 IST" skipped="0">
  <testcase classname="TestCases.TC3Languagelearn" name="searchbox" time="3.385"/>
  <system-out/>
  <testcase classname="TestCases.TC3Languagelearn" name="languagescourses" time="69.073"/>
  <system-out/>
  <testcase classname="TestCases.TC3Languagelearn" name="levelcount" time="4.137"/>
  <system-out/>
</testsuite> <!-- TestCases.TC3Languagelearn -->
