<?xml version="1.0" encoding="UTF-8"?>
<!-- Generated by org.testng.reporters.JUnitReportReporter -->
<testsuite hostname="LTIN509092" failures="0" tests="2" name="TestCases.TC2webcrse2" time="13.510" errors="0" timestamp="2024-04-16T10:20:50 IST" skipped="0">
  <testcase classname="TestCases.TC2webcrse2" name="course2" time="13.509"/>
  <system-out/>
  <testcase classname="TestCases.TC2webcrse2" name="windowswitch" time="0.001"/>
  <system-out/>
</testsuite> <!-- TestCases.TC2webcrse2 -->
