<?xml version="1.0" encoding="UTF-8"?>
<!-- Generated by org.testng.reporters.JUnitReportReporter -->
<testsuite hostname="LTIN509092" failures="0" tests="2" name="TestCases.TC4enterprises" time="22.362" errors="0" timestamp="2024-04-16T10:20:50 IST" skipped="0">
  <testcase classname="TestCases.TC4enterprises" name="forEnterprise" time="18.727"/>
  <system-out/>
  <testcase classname="TestCases.TC4enterprises" name="submitForm" time="3.635"/>
  <system-out/>
</testsuite> <!-- TestCases.TC4enterprises -->
