<?xml version="1.0" encoding="UTF-8"?>
<!-- Generated by org.testng.reporters.JUnitReportReporter -->
<testsuite hostname="LTIN509092" failures="0" tests="3" name="TestCases.TC1webdevcourses" time="23.193" errors="0" timestamp="2024-04-16T10:20:50 IST" skipped="0">
  <testcase classname="TestCases.TC1webdevcourses" name="homepage" time="6.309"/>
  <system-out/>
  <testcase classname="TestCases.TC1webdevcourses" name="filter" time="4.457"/>
  <system-out/>
  <testcase classname="TestCases.TC1webdevcourses" name="courses" time="12.427"/>
  <system-out/>
</testsuite> <!-- TestCases.TC1webdevcourses -->
