<?xml version="1.0" encoding="UTF-8"?>
<!-- Generated by org.testng.reporters.JUnitReportReporter -->
<testsuite hostname="LTIN509092" failures="0" tests="3" name="testRunner.TestRunner" time="394.695" errors="0" timestamp="2024-04-16T11:52:48 IST" skipped="0">
  <testcase classname="testRunner.TestRunner" name="runScenario" time="136.774"/>
  <testcase classname="testRunner.TestRunner" name="runScenario" time="132.181"/>
  <testcase classname="testRunner.TestRunner" name="runScenario" time="125.740"/>
</testsuite> <!-- testRunner.TestRunner -->
