<?xml version="1.0" encoding="UTF-8"?>
<!-- Generated by org.testng.reporters.JUnitReportReporter -->
<testsuite hostname="LTIN509092" failures="0" tests="3" name="testRunner.TestRunner" time="260.840" errors="0" timestamp="2024-04-16T22:19:23 IST" skipped="0">
  <testcase classname="testRunner.TestRunner" name="runScenario" time="68.548"/>
  <testcase classname="testRunner.TestRunner" name="runScenario" time="129.419"/>
  <testcase classname="testRunner.TestRunner" name="runScenario" time="62.873"/>
</testsuite> <!-- testRunner.TestRunner -->
